2025-01-16 13:56:26,582 - INFO - Starting SOAP client in Prod environment
2025-01-16 13:56:26,583 - INFO - Reading data from c:\Test complete\Netmark\Projects\Community Support\Spreadsheet Claims\Divine Agape Health Care Agency\DAHCAV Community Supports Billing_File_2024 Dec 08-14.xlsx
2025-01-16 13:56:26,674 - INFO - 
================================================================================
Processing request for Pauline Gibson (90073299A)
================================================================================
2025-01-16 13:56:27,566 - INFO - 
Response for Pauline Gibson (90073299A):
Status Code: 200
Response Headers: {'Date': 'Thu, 16 Jan 2025 18:56:26 GMT', 'Content-Type': 'text/xml;charset=utf-8', 'Accept': '*/*', 'Accept-Encoding': 'gzip, deflate', 'Authorization': 'Basic Y29ubmVjdG9yOkNvbm5lY3RvcjEyMw==', 'Host': 'gchp-con-pr01.gchp.local:9193', 'SOAPAction': '"http://healthedge.com/submit"', 'User-Agent': 'python-requests/2.32.3', 'Content-Length': '588', 'Server': 'Jetty(9.4.50.v20221201)'}
Response Body:
<soap:Envelope xmlns:soap="http://schemas.xmlsoap.org/soap/envelope/"><soap:Body><ns4:professionalClaimResponse xmlns:ns2="http://www.healthedge.com/connector/schema/basetypes" xmlns:ns3="http://www.healthedge.com/connector/schema/claimtypes" xmlns:ns4="http://www.healthedge.com/connector/schema/claimresponse"><claimResponseInfo><status>SUCCESS</status><claimIdentifier>240131</claimIdentifier><hccClaimNumber>2024358008530</hccClaimNumber><cvcId>51780352</cvcId><attachmentSetId>11365861</attachmentSetId></claimResponseInfo></ns4:professionalClaimResponse></soap:Body></soap:Envelope>
2025-01-16 13:56:29,573 - INFO - 
================================================================================
Processing request for Scott Skolnik (90075802E)
================================================================================
2025-01-16 13:56:29,888 - INFO - 
Response for Scott Skolnik (90075802E):
Status Code: 200
Response Headers: {'Date': 'Thu, 16 Jan 2025 18:56:28 GMT', 'Content-Type': 'text/xml;charset=utf-8', 'Accept': '*/*', 'Accept-Encoding': 'gzip, deflate', 'Authorization': 'Basic Y29ubmVjdG9yOkNvbm5lY3RvcjEyMw==', 'Host': 'gchp-con-pr01.gchp.local:9193', 'SOAPAction': '"http://healthedge.com/submit"', 'User-Agent': 'python-requests/2.32.3', 'Content-Length': '588', 'Server': 'Jetty(9.4.50.v20221201)'}
Response Body:
<soap:Envelope xmlns:soap="http://schemas.xmlsoap.org/soap/envelope/"><soap:Body><ns4:professionalClaimResponse xmlns:ns2="http://www.healthedge.com/connector/schema/basetypes" xmlns:ns3="http://www.healthedge.com/connector/schema/claimtypes" xmlns:ns4="http://www.healthedge.com/connector/schema/claimresponse"><claimResponseInfo><status>SUCCESS</status><claimIdentifier>230045</claimIdentifier><hccClaimNumber>2024358008531</hccClaimNumber><cvcId>51780353</cvcId><attachmentSetId>11365862</attachmentSetId></claimResponseInfo></ns4:professionalClaimResponse></soap:Body></soap:Envelope>
2025-01-16 13:56:31,893 - INFO - 
================================================================================
Processing request for Margarita Volkov (90101520F)
================================================================================
2025-01-16 13:56:32,212 - INFO - 
Response for Margarita Volkov (90101520F):
Status Code: 200
Response Headers: {'Date': 'Thu, 16 Jan 2025 18:56:31 GMT', 'Content-Type': 'text/xml;charset=utf-8', 'Accept': '*/*', 'Accept-Encoding': 'gzip, deflate', 'Authorization': 'Basic Y29ubmVjdG9yOkNvbm5lY3RvcjEyMw==', 'Host': 'gchp-con-pr01.gchp.local:9193', 'SOAPAction': '"http://healthedge.com/submit"', 'User-Agent': 'python-requests/2.32.3', 'Content-Length': '588', 'Server': 'Jetty(9.4.50.v20221201)'}
Response Body:
<soap:Envelope xmlns:soap="http://schemas.xmlsoap.org/soap/envelope/"><soap:Body><ns4:professionalClaimResponse xmlns:ns2="http://www.healthedge.com/connector/schema/basetypes" xmlns:ns3="http://www.healthedge.com/connector/schema/claimtypes" xmlns:ns4="http://www.healthedge.com/connector/schema/claimresponse"><claimResponseInfo><status>SUCCESS</status><claimIdentifier>230079</claimIdentifier><hccClaimNumber>2024358008532</hccClaimNumber><cvcId>51780354</cvcId><attachmentSetId>11365863</attachmentSetId></claimResponseInfo></ns4:professionalClaimResponse></soap:Body></soap:Envelope>
2025-01-16 13:56:34,226 - INFO - 
================================================================================
Processing request for Maria Hernandez (90175094A)
================================================================================
2025-01-16 13:56:34,526 - INFO - 
Response for Maria Hernandez (90175094A):
Status Code: 200
Response Headers: {'Date': 'Thu, 16 Jan 2025 18:56:33 GMT', 'Content-Type': 'text/xml;charset=utf-8', 'Accept': '*/*', 'Accept-Encoding': 'gzip, deflate', 'Authorization': 'Basic Y29ubmVjdG9yOkNvbm5lY3RvcjEyMw==', 'Host': 'gchp-con-pr01.gchp.local:9193', 'SOAPAction': '"http://healthedge.com/submit"', 'User-Agent': 'python-requests/2.32.3', 'Content-Length': '588', 'Server': 'Jetty(9.4.50.v20221201)'}
Response Body:
<soap:Envelope xmlns:soap="http://schemas.xmlsoap.org/soap/envelope/"><soap:Body><ns4:professionalClaimResponse xmlns:ns2="http://www.healthedge.com/connector/schema/basetypes" xmlns:ns3="http://www.healthedge.com/connector/schema/claimtypes" xmlns:ns4="http://www.healthedge.com/connector/schema/claimresponse"><claimResponseInfo><status>SUCCESS</status><claimIdentifier>240232</claimIdentifier><hccClaimNumber>2024358008533</hccClaimNumber><cvcId>51780355</cvcId><attachmentSetId>11365864</attachmentSetId></claimResponseInfo></ns4:professionalClaimResponse></soap:Body></soap:Envelope>
2025-01-16 13:56:36,533 - INFO - 
================================================================================
Processing request for Carol Thomas (90196170A)
================================================================================
2025-01-16 13:56:36,819 - INFO - 
Response for Carol Thomas (90196170A):
Status Code: 200
Response Headers: {'Date': 'Thu, 16 Jan 2025 18:56:35 GMT', 'Content-Type': 'text/xml;charset=utf-8', 'Accept': '*/*', 'Accept-Encoding': 'gzip, deflate', 'Authorization': 'Basic Y29ubmVjdG9yOkNvbm5lY3RvcjEyMw==', 'Host': 'gchp-con-pr01.gchp.local:9193', 'SOAPAction': '"http://healthedge.com/submit"', 'User-Agent': 'python-requests/2.32.3', 'Content-Length': '588', 'Server': 'Jetty(9.4.50.v20221201)'}
Response Body:
<soap:Envelope xmlns:soap="http://schemas.xmlsoap.org/soap/envelope/"><soap:Body><ns4:professionalClaimResponse xmlns:ns2="http://www.healthedge.com/connector/schema/basetypes" xmlns:ns3="http://www.healthedge.com/connector/schema/claimtypes" xmlns:ns4="http://www.healthedge.com/connector/schema/claimresponse"><claimResponseInfo><status>SUCCESS</status><claimIdentifier>240154</claimIdentifier><hccClaimNumber>2024358008534</hccClaimNumber><cvcId>51780356</cvcId><attachmentSetId>11365865</attachmentSetId></claimResponseInfo></ns4:professionalClaimResponse></soap:Body></soap:Envelope>
2025-01-16 13:56:38,825 - INFO - 
================================================================================
Processing request for Carol Scherr (90267207A)
================================================================================
2025-01-16 13:56:39,350 - INFO - 
Response for Carol Scherr (90267207A):
Status Code: 200
Response Headers: {'Date': 'Thu, 16 Jan 2025 18:56:38 GMT', 'Content-Type': 'text/xml;charset=utf-8', 'Accept': '*/*', 'Accept-Encoding': 'gzip, deflate', 'Authorization': 'Basic Y29ubmVjdG9yOkNvbm5lY3RvcjEyMw==', 'Host': 'gchp-con-pr01.gchp.local:9193', 'SOAPAction': '"http://healthedge.com/submit"', 'User-Agent': 'python-requests/2.32.3', 'Content-Length': '588', 'Server': 'Jetty(9.4.50.v20221201)'}
Response Body:
<soap:Envelope xmlns:soap="http://schemas.xmlsoap.org/soap/envelope/"><soap:Body><ns4:professionalClaimResponse xmlns:ns2="http://www.healthedge.com/connector/schema/basetypes" xmlns:ns3="http://www.healthedge.com/connector/schema/claimtypes" xmlns:ns4="http://www.healthedge.com/connector/schema/claimresponse"><claimResponseInfo><status>SUCCESS</status><claimIdentifier>230126</claimIdentifier><hccClaimNumber>2024358008535</hccClaimNumber><cvcId>51780357</cvcId><attachmentSetId>11365866</attachmentSetId></claimResponseInfo></ns4:professionalClaimResponse></soap:Body></soap:Envelope>
2025-01-16 13:56:41,355 - INFO - 
================================================================================
Processing request for Maria Guadalupe Torres (90288429C)
================================================================================
2025-01-16 13:56:41,664 - INFO - 
Response for Maria Guadalupe Torres (90288429C):
Status Code: 200
Response Headers: {'Date': 'Thu, 16 Jan 2025 18:56:40 GMT', 'Content-Type': 'text/xml;charset=utf-8', 'Accept': '*/*', 'Accept-Encoding': 'gzip, deflate', 'Authorization': 'Basic Y29ubmVjdG9yOkNvbm5lY3RvcjEyMw==', 'Host': 'gchp-con-pr01.gchp.local:9193', 'SOAPAction': '"http://healthedge.com/submit"', 'User-Agent': 'python-requests/2.32.3', 'Content-Length': '588', 'Server': 'Jetty(9.4.50.v20221201)'}
Response Body:
<soap:Envelope xmlns:soap="http://schemas.xmlsoap.org/soap/envelope/"><soap:Body><ns4:professionalClaimResponse xmlns:ns2="http://www.healthedge.com/connector/schema/basetypes" xmlns:ns3="http://www.healthedge.com/connector/schema/claimtypes" xmlns:ns4="http://www.healthedge.com/connector/schema/claimresponse"><claimResponseInfo><status>SUCCESS</status><claimIdentifier>240282</claimIdentifier><hccClaimNumber>2024358008536</hccClaimNumber><cvcId>51780358</cvcId><attachmentSetId>11365867</attachmentSetId></claimResponseInfo></ns4:professionalClaimResponse></soap:Body></soap:Envelope>
2025-01-16 13:56:43,674 - INFO - 
================================================================================
Processing request for Miguel Rengifo (90342597E)
================================================================================
2025-01-16 13:56:43,983 - INFO - 
Response for Miguel Rengifo (90342597E):
Status Code: 200
Response Headers: {'Date': 'Thu, 16 Jan 2025 18:56:42 GMT', 'Content-Type': 'text/xml;charset=utf-8', 'Accept': '*/*', 'Accept-Encoding': 'gzip, deflate', 'Authorization': 'Basic Y29ubmVjdG9yOkNvbm5lY3RvcjEyMw==', 'Host': 'gchp-con-pr01.gchp.local:9193', 'SOAPAction': '"http://healthedge.com/submit"', 'User-Agent': 'python-requests/2.32.3', 'Content-Length': '588', 'Server': 'Jetty(9.4.50.v20221201)'}
Response Body:
<soap:Envelope xmlns:soap="http://schemas.xmlsoap.org/soap/envelope/"><soap:Body><ns4:professionalClaimResponse xmlns:ns2="http://www.healthedge.com/connector/schema/basetypes" xmlns:ns3="http://www.healthedge.com/connector/schema/claimtypes" xmlns:ns4="http://www.healthedge.com/connector/schema/claimresponse"><claimResponseInfo><status>SUCCESS</status><claimIdentifier>230092</claimIdentifier><hccClaimNumber>2024358008537</hccClaimNumber><cvcId>51780359</cvcId><attachmentSetId>11365868</attachmentSetId></claimResponseInfo></ns4:professionalClaimResponse></soap:Body></soap:Envelope>
2025-01-16 13:56:45,990 - INFO - 
================================================================================
Processing request for Josefina Ramirez (90610555D)
================================================================================
2025-01-16 13:56:46,315 - INFO - 
Response for Josefina Ramirez (90610555D):
Status Code: 200
Response Headers: {'Date': 'Thu, 16 Jan 2025 18:56:45 GMT', 'Content-Type': 'text/xml;charset=utf-8', 'Accept': '*/*', 'Accept-Encoding': 'gzip, deflate', 'Authorization': 'Basic Y29ubmVjdG9yOkNvbm5lY3RvcjEyMw==', 'Host': 'gchp-con-pr01.gchp.local:9193', 'SOAPAction': '"http://healthedge.com/submit"', 'User-Agent': 'python-requests/2.32.3', 'Content-Length': '588', 'Server': 'Jetty(9.4.50.v20221201)'}
Response Body:
<soap:Envelope xmlns:soap="http://schemas.xmlsoap.org/soap/envelope/"><soap:Body><ns4:professionalClaimResponse xmlns:ns2="http://www.healthedge.com/connector/schema/basetypes" xmlns:ns3="http://www.healthedge.com/connector/schema/claimtypes" xmlns:ns4="http://www.healthedge.com/connector/schema/claimresponse"><claimResponseInfo><status>SUCCESS</status><claimIdentifier>240258</claimIdentifier><hccClaimNumber>2024358008538</hccClaimNumber><cvcId>51780360</cvcId><attachmentSetId>11365869</attachmentSetId></claimResponseInfo></ns4:professionalClaimResponse></soap:Body></soap:Envelope>
2025-01-16 13:56:48,317 - INFO - 
================================================================================
Processing request for Marcos Lopez Magallon (90705283F)
================================================================================
2025-01-16 13:56:48,624 - INFO - 
Response for Marcos Lopez Magallon (90705283F):
Status Code: 200
Response Headers: {'Date': 'Thu, 16 Jan 2025 18:56:47 GMT', 'Content-Type': 'text/xml;charset=utf-8', 'Accept': '*/*', 'Accept-Encoding': 'gzip, deflate', 'Authorization': 'Basic Y29ubmVjdG9yOkNvbm5lY3RvcjEyMw==', 'Host': 'gchp-con-pr01.gchp.local:9193', 'SOAPAction': '"http://healthedge.com/submit"', 'User-Agent': 'python-requests/2.32.3', 'Content-Length': '588', 'Server': 'Jetty(9.4.50.v20221201)'}
Response Body:
<soap:Envelope xmlns:soap="http://schemas.xmlsoap.org/soap/envelope/"><soap:Body><ns4:professionalClaimResponse xmlns:ns2="http://www.healthedge.com/connector/schema/basetypes" xmlns:ns3="http://www.healthedge.com/connector/schema/claimtypes" xmlns:ns4="http://www.healthedge.com/connector/schema/claimresponse"><claimResponseInfo><status>SUCCESS</status><claimIdentifier>230089</claimIdentifier><hccClaimNumber>2024358008539</hccClaimNumber><cvcId>51780361</cvcId><attachmentSetId>11365870</attachmentSetId></claimResponseInfo></ns4:professionalClaimResponse></soap:Body></soap:Envelope>
2025-01-16 13:56:50,640 - INFO - 
================================================================================
Processing request for Zander Mills (90764774G)
================================================================================
2025-01-16 13:56:51,181 - INFO - 
Response for Zander Mills (90764774G):
Status Code: 200
Response Headers: {'Date': 'Thu, 16 Jan 2025 18:56:49 GMT', 'Content-Type': 'text/xml;charset=utf-8', 'Accept': '*/*', 'Accept-Encoding': 'gzip, deflate', 'Authorization': 'Basic Y29ubmVjdG9yOkNvbm5lY3RvcjEyMw==', 'Host': 'gchp-con-pr01.gchp.local:9193', 'SOAPAction': '"http://healthedge.com/submit"', 'User-Agent': 'python-requests/2.32.3', 'Content-Length': '588', 'Server': 'Jetty(9.4.50.v20221201)'}
Response Body:
<soap:Envelope xmlns:soap="http://schemas.xmlsoap.org/soap/envelope/"><soap:Body><ns4:professionalClaimResponse xmlns:ns2="http://www.healthedge.com/connector/schema/basetypes" xmlns:ns3="http://www.healthedge.com/connector/schema/claimtypes" xmlns:ns4="http://www.healthedge.com/connector/schema/claimresponse"><claimResponseInfo><status>SUCCESS</status><claimIdentifier>240146</claimIdentifier><hccClaimNumber>2024358008540</hccClaimNumber><cvcId>51780362</cvcId><attachmentSetId>11365871</attachmentSetId></claimResponseInfo></ns4:professionalClaimResponse></soap:Body></soap:Envelope>
2025-01-16 13:56:53,184 - INFO - 
================================================================================
Processing request for Daniel Huerta (90937534C)
================================================================================
2025-01-16 13:56:53,486 - INFO - 
Response for Daniel Huerta (90937534C):
Status Code: 200
Response Headers: {'Date': 'Thu, 16 Jan 2025 18:56:52 GMT', 'Content-Type': 'text/xml;charset=utf-8', 'Accept': '*/*', 'Accept-Encoding': 'gzip, deflate', 'Authorization': 'Basic Y29ubmVjdG9yOkNvbm5lY3RvcjEyMw==', 'Host': 'gchp-con-pr01.gchp.local:9193', 'SOAPAction': '"http://healthedge.com/submit"', 'User-Agent': 'python-requests/2.32.3', 'Content-Length': '588', 'Server': 'Jetty(9.4.50.v20221201)'}
Response Body:
<soap:Envelope xmlns:soap="http://schemas.xmlsoap.org/soap/envelope/"><soap:Body><ns4:professionalClaimResponse xmlns:ns2="http://www.healthedge.com/connector/schema/basetypes" xmlns:ns3="http://www.healthedge.com/connector/schema/claimtypes" xmlns:ns4="http://www.healthedge.com/connector/schema/claimresponse"><claimResponseInfo><status>SUCCESS</status><claimIdentifier>240152</claimIdentifier><hccClaimNumber>2024358008541</hccClaimNumber><cvcId>51780363</cvcId><attachmentSetId>11365872</attachmentSetId></claimResponseInfo></ns4:professionalClaimResponse></soap:Body></soap:Envelope>
2025-01-16 13:56:55,488 - INFO - 
================================================================================
Processing request for Frank Almaguer (91011551A)
================================================================================
2025-01-16 13:56:55,784 - INFO - 
Response for Frank Almaguer (91011551A):
Status Code: 200
Response Headers: {'Date': 'Thu, 16 Jan 2025 18:56:54 GMT', 'Content-Type': 'text/xml;charset=utf-8', 'Accept': '*/*', 'Accept-Encoding': 'gzip, deflate', 'Authorization': 'Basic Y29ubmVjdG9yOkNvbm5lY3RvcjEyMw==', 'Host': 'gchp-con-pr01.gchp.local:9193', 'SOAPAction': '"http://healthedge.com/submit"', 'User-Agent': 'python-requests/2.32.3', 'Content-Length': '588', 'Server': 'Jetty(9.4.50.v20221201)'}
Response Body:
<soap:Envelope xmlns:soap="http://schemas.xmlsoap.org/soap/envelope/"><soap:Body><ns4:professionalClaimResponse xmlns:ns2="http://www.healthedge.com/connector/schema/basetypes" xmlns:ns3="http://www.healthedge.com/connector/schema/claimtypes" xmlns:ns4="http://www.healthedge.com/connector/schema/claimresponse"><claimResponseInfo><status>SUCCESS</status><claimIdentifier>240201</claimIdentifier><hccClaimNumber>2024358008542</hccClaimNumber><cvcId>51780364</cvcId><attachmentSetId>11365873</attachmentSetId></claimResponseInfo></ns4:professionalClaimResponse></soap:Body></soap:Envelope>
2025-01-16 13:56:57,789 - INFO - 
================================================================================
Processing request for Cecilio Limas (91012324C)
================================================================================
2025-01-16 13:56:58,082 - INFO - 
Response for Cecilio Limas (91012324C):
Status Code: 200
Response Headers: {'Date': 'Thu, 16 Jan 2025 18:56:57 GMT', 'Content-Type': 'text/xml;charset=utf-8', 'Accept': '*/*', 'Accept-Encoding': 'gzip, deflate', 'Authorization': 'Basic Y29ubmVjdG9yOkNvbm5lY3RvcjEyMw==', 'Host': 'gchp-con-pr01.gchp.local:9193', 'SOAPAction': '"http://healthedge.com/submit"', 'User-Agent': 'python-requests/2.32.3', 'Content-Length': '588', 'Server': 'Jetty(9.4.50.v20221201)'}
Response Body:
<soap:Envelope xmlns:soap="http://schemas.xmlsoap.org/soap/envelope/"><soap:Body><ns4:professionalClaimResponse xmlns:ns2="http://www.healthedge.com/connector/schema/basetypes" xmlns:ns3="http://www.healthedge.com/connector/schema/claimtypes" xmlns:ns4="http://www.healthedge.com/connector/schema/claimresponse"><claimResponseInfo><status>SUCCESS</status><claimIdentifier>240178</claimIdentifier><hccClaimNumber>2024358008543</hccClaimNumber><cvcId>51780365</cvcId><attachmentSetId>11365874</attachmentSetId></claimResponseInfo></ns4:professionalClaimResponse></soap:Body></soap:Envelope>
2025-01-16 13:57:00,091 - INFO - 
================================================================================
Processing request for Ana Ramos (91221843A)
================================================================================
2025-01-16 13:57:00,398 - INFO - 
Response for Ana Ramos (91221843A):
Status Code: 200
Response Headers: {'Date': 'Thu, 16 Jan 2025 18:56:59 GMT', 'Content-Type': 'text/xml;charset=utf-8', 'Accept': '*/*', 'Accept-Encoding': 'gzip, deflate', 'Authorization': 'Basic Y29ubmVjdG9yOkNvbm5lY3RvcjEyMw==', 'Host': 'gchp-con-pr01.gchp.local:9193', 'SOAPAction': '"http://healthedge.com/submit"', 'User-Agent': 'python-requests/2.32.3', 'Content-Length': '588', 'Server': 'Jetty(9.4.50.v20221201)'}
Response Body:
<soap:Envelope xmlns:soap="http://schemas.xmlsoap.org/soap/envelope/"><soap:Body><ns4:professionalClaimResponse xmlns:ns2="http://www.healthedge.com/connector/schema/basetypes" xmlns:ns3="http://www.healthedge.com/connector/schema/claimtypes" xmlns:ns4="http://www.healthedge.com/connector/schema/claimresponse"><claimResponseInfo><status>SUCCESS</status><claimIdentifier>240284</claimIdentifier><hccClaimNumber>2024358008544</hccClaimNumber><cvcId>51780366</cvcId><attachmentSetId>11365875</attachmentSetId></claimResponseInfo></ns4:professionalClaimResponse></soap:Body></soap:Envelope>
2025-01-16 13:57:02,402 - INFO - 
================================================================================
Processing request for Adela Muniz De Zarate (91330166C)
================================================================================
2025-01-16 13:57:02,712 - INFO - 
Response for Adela Muniz De Zarate (91330166C):
Status Code: 200
Response Headers: {'Date': 'Thu, 16 Jan 2025 18:57:01 GMT', 'Content-Type': 'text/xml;charset=utf-8', 'Accept': '*/*', 'Accept-Encoding': 'gzip, deflate', 'Authorization': 'Basic Y29ubmVjdG9yOkNvbm5lY3RvcjEyMw==', 'Host': 'gchp-con-pr01.gchp.local:9193', 'SOAPAction': '"http://healthedge.com/submit"', 'User-Agent': 'python-requests/2.32.3', 'Content-Length': '588', 'Server': 'Jetty(9.4.50.v20221201)'}
Response Body:
<soap:Envelope xmlns:soap="http://schemas.xmlsoap.org/soap/envelope/"><soap:Body><ns4:professionalClaimResponse xmlns:ns2="http://www.healthedge.com/connector/schema/basetypes" xmlns:ns3="http://www.healthedge.com/connector/schema/claimtypes" xmlns:ns4="http://www.healthedge.com/connector/schema/claimresponse"><claimResponseInfo><status>SUCCESS</status><claimIdentifier>230047</claimIdentifier><hccClaimNumber>2024358008545</hccClaimNumber><cvcId>51780367</cvcId><attachmentSetId>11365876</attachmentSetId></claimResponseInfo></ns4:professionalClaimResponse></soap:Body></soap:Envelope>
2025-01-16 13:57:04,717 - INFO - 
================================================================================
Processing request for Amelia Hernandez (91405015A)
================================================================================
2025-01-16 13:57:05,004 - INFO - 
Response for Amelia Hernandez (91405015A):
Status Code: 200
Response Headers: {'Date': 'Thu, 16 Jan 2025 18:57:03 GMT', 'Content-Type': 'text/xml;charset=utf-8', 'Accept': '*/*', 'Accept-Encoding': 'gzip, deflate', 'Authorization': 'Basic Y29ubmVjdG9yOkNvbm5lY3RvcjEyMw==', 'Host': 'gchp-con-pr01.gchp.local:9193', 'SOAPAction': '"http://healthedge.com/submit"', 'User-Agent': 'python-requests/2.32.3', 'Content-Length': '588', 'Server': 'Jetty(9.4.50.v20221201)'}
Response Body:
<soap:Envelope xmlns:soap="http://schemas.xmlsoap.org/soap/envelope/"><soap:Body><ns4:professionalClaimResponse xmlns:ns2="http://www.healthedge.com/connector/schema/basetypes" xmlns:ns3="http://www.healthedge.com/connector/schema/claimtypes" xmlns:ns4="http://www.healthedge.com/connector/schema/claimresponse"><claimResponseInfo><status>SUCCESS</status><claimIdentifier>240199</claimIdentifier><hccClaimNumber>2024358008546</hccClaimNumber><cvcId>51780368</cvcId><attachmentSetId>11365877</attachmentSetId></claimResponseInfo></ns4:professionalClaimResponse></soap:Body></soap:Envelope>
2025-01-16 13:57:07,016 - INFO - 
================================================================================
Processing request for Maria Delgadillo (91446617A)
================================================================================
2025-01-16 13:57:07,318 - INFO - 
Response for Maria Delgadillo (91446617A):
Status Code: 200
Response Headers: {'Date': 'Thu, 16 Jan 2025 18:57:06 GMT', 'Content-Type': 'text/xml;charset=utf-8', 'Accept': '*/*', 'Accept-Encoding': 'gzip, deflate', 'Authorization': 'Basic Y29ubmVjdG9yOkNvbm5lY3RvcjEyMw==', 'Host': 'gchp-con-pr01.gchp.local:9193', 'SOAPAction': '"http://healthedge.com/submit"', 'User-Agent': 'python-requests/2.32.3', 'Content-Length': '588', 'Server': 'Jetty(9.4.50.v20221201)'}
Response Body:
<soap:Envelope xmlns:soap="http://schemas.xmlsoap.org/soap/envelope/"><soap:Body><ns4:professionalClaimResponse xmlns:ns2="http://www.healthedge.com/connector/schema/basetypes" xmlns:ns3="http://www.healthedge.com/connector/schema/claimtypes" xmlns:ns4="http://www.healthedge.com/connector/schema/claimresponse"><claimResponseInfo><status>SUCCESS</status><claimIdentifier>240307</claimIdentifier><hccClaimNumber>2024358008547</hccClaimNumber><cvcId>51780369</cvcId><attachmentSetId>11365878</attachmentSetId></claimResponseInfo></ns4:professionalClaimResponse></soap:Body></soap:Envelope>
2025-01-16 13:57:09,321 - INFO - 
================================================================================
Processing request for Antonio Luna (91581408A)
================================================================================
2025-01-16 13:57:09,622 - INFO - 
Response for Antonio Luna (91581408A):
Status Code: 200
Response Headers: {'Date': 'Thu, 16 Jan 2025 18:57:08 GMT', 'Content-Type': 'text/xml;charset=utf-8', 'Accept': '*/*', 'Accept-Encoding': 'gzip, deflate', 'Authorization': 'Basic Y29ubmVjdG9yOkNvbm5lY3RvcjEyMw==', 'Host': 'gchp-con-pr01.gchp.local:9193', 'SOAPAction': '"http://healthedge.com/submit"', 'User-Agent': 'python-requests/2.32.3', 'Content-Length': '588', 'Server': 'Jetty(9.4.50.v20221201)'}
Response Body:
<soap:Envelope xmlns:soap="http://schemas.xmlsoap.org/soap/envelope/"><soap:Body><ns4:professionalClaimResponse xmlns:ns2="http://www.healthedge.com/connector/schema/basetypes" xmlns:ns3="http://www.healthedge.com/connector/schema/claimtypes" xmlns:ns4="http://www.healthedge.com/connector/schema/claimresponse"><claimResponseInfo><status>SUCCESS</status><claimIdentifier>240268</claimIdentifier><hccClaimNumber>2024358008548</hccClaimNumber><cvcId>51780370</cvcId><attachmentSetId>11365879</attachmentSetId></claimResponseInfo></ns4:professionalClaimResponse></soap:Body></soap:Envelope>
